# JRE version: OpenJDK Runtime Environment (11.0.8+10) (build 11.0.8+10-b944.6842174)
# Java VM: OpenJDK 64-Bit Server VM (11.0.8+10-b944.6842174, mixed mode, tiered, compressed oops, g1 gc, windows-amd64)
Heap:
 garbage-first heap   total 311296K, used 180696K [0x0000000080000000, 0x0000000100000000)
  region size 1024K, 61 young (62464K), 1 survivors (1024K)
 Metaspace       used 150667K, capacity 155725K, committed 156032K, reserved 1185792K
  class space    used 18186K, capacity 19779K, committed 19840K, reserved 1048576K
GC Heap History (20 events):
Event: 2652.798 GC heap before
{Heap before GC invocations=113 (full 0):
 garbage-first heap   total 311296K, used 186709K [0x0000000080000000, 0x0000000100000000)
  region size 1024K, 15 young (15360K), 5 survivors (5120K)
 Metaspace       used 149955K, capacity 154835K, committed 155136K, reserved 1185792K
  class space    used 18101K, capacity 19649K, committed 19712K, reserved 1048576K
}
Event: 2652.853 GC heap after
{Heap after GC invocations=114 (full 0):
 garbage-first heap   total 311296K, used 154604K [0x0000000080000000, 0x0000000100000000)
  region size 1024K, 2 young (2048K), 2 survivors (2048K)
 Metaspace       used 149955K, capacity 154835K, committed 155136K, reserved 1185792K
  class space    used 18101K, capacity 19649K, committed 19712K, reserved 1048576K
}
Event: 2653.153 GC heap before
{Heap before GC invocations=114 (full 0):
 garbage-first heap   total 311296K, used 180204K [0x0000000080000000, 0x0000000100000000)
  region size 1024K, 29 young (29696K), 2 survivors (2048K)
 Metaspace       used 149978K, capacity 154835K, committed 155136K, reserved 1185792K
  class space    used 18101K, capacity 19649K, committed 19712K, reserved 1048576K
}
Event: 2653.200 GC heap after
{Heap after GC invocations=115 (full 0):
 garbage-first heap   total 311296K, used 167738K [0x0000000080000000, 0x0000000100000000)
  region size 1024K, 11 young (11264K), 11 survivors (11264K)
 Metaspace       used 149978K, capacity 154835K, committed 155136K, reserved 1185792K
  class space    used 18101K, capacity 19649K, committed 19712K, reserved 1048576K
}
Event: 2659.686 GC heap before
{Heap before GC invocations=116 (full 0):
 garbage-first heap   total 311296K, used 215866K [0x0000000080000000, 0x0000000100000000)
  region size 1024K, 72 young (73728K), 11 survivors (11264K)
 Metaspace       used 150187K, capacity 155169K, committed 155520K, reserved 1185792K
  class space    used 18153K, capacity 19738K, committed 19840K, reserved 1048576K
}
Event: 2659.721 GC heap after
{Heap after GC invocations=117 (full 0):
 garbage-first heap   total 311296K, used 141415K [0x0000000080000000, 0x0000000100000000)
  region size 1024K, 3 young (3072K), 3 survivors (3072K)
 Metaspace       used 150187K, capacity 155169K, committed 155520K, reserved 1185792K
  class space    used 18153K, capacity 19738K, committed 19840K, reserved 1048576K
}
Event: 2660.119 GC heap before
{Heap before GC invocations=117 (full 0):
 garbage-first heap   total 311296K, used 153703K [0x0000000080000000, 0x0000000100000000)
  region size 1024K, 15 young (15360K), 3 survivors (3072K)
 Metaspace       used 150197K, capacity 155169K, committed 155520K, reserved 1185792K
  class space    used 18153K, capacity 19738K, committed 19840K, reserved 1048576K
}
Event: 2660.162 GC heap after
{Heap after GC invocations=118 (full 0):
 garbage-first heap   total 311296K, used 137216K [0x0000000080000000, 0x0000000100000000)
  region size 1024K, 2 young (2048K), 2 survivors (2048K)
 Metaspace       used 150197K, capacity 155169K, committed 155520K, reserved 1185792K
  class space    used 18153K, capacity 19738K, committed 19840K, reserved 1048576K
}
Event: 2661.324 GC heap before
{Heap before GC invocations=118 (full 0):
 garbage-first heap   total 311296K, used 167936K [0x0000000080000000, 0x0000000100000000)
  region size 1024K, 34 young (34816K), 2 survivors (2048K)
 Metaspace       used 150248K, capacity 155253K, committed 155520K, reserved 1185792K
  class space    used 18157K, capacity 19743K, committed 19840K, reserved 1048576K
}
Event: 2661.340 GC heap after
{Heap after GC invocations=119 (full 0):
 garbage-first heap   total 311296K, used 138097K [0x0000000080000000, 0x0000000100000000)
  region size 1024K, 3 young (3072K), 3 survivors (3072K)
 Metaspace       used 150248K, capacity 155253K, committed 155520K, reserved 1185792K
  class space    used 18157K, capacity 19743K, committed 19840K, reserved 1048576K
}
Event: 3437.862 GC heap before
{Heap before GC invocations=120 (full 0):
 garbage-first heap   total 311296K, used 205681K [0x0000000080000000, 0x0000000100000000)
  region size 1024K, 73 young (74752K), 3 survivors (3072K)
 Metaspace       used 150319K, capacity 155254K, committed 155520K, reserved 1185792K
  class space    used 18157K, capacity 19743K, committed 19840K, reserved 1048576K
}
Event: 3437.887 GC heap after
{Heap after GC invocations=121 (full 0):
 garbage-first heap   total 311296K, used 131215K [0x0000000080000000, 0x0000000100000000)
  region size 1024K, 6 young (6144K), 6 survivors (6144K)
 Metaspace       used 150319K, capacity 155254K, committed 155520K, reserved 1185792K
  class space    used 18157K, capacity 19743K, committed 19840K, reserved 1048576K
}
Event: 3438.062 GC heap before
{Heap before GC invocations=121 (full 0):
 garbage-first heap   total 311296K, used 139407K [0x0000000080000000, 0x0000000100000000)
  region size 1024K, 15 young (15360K), 6 survivors (6144K)
 Metaspace       used 150320K, capacity 155254K, committed 155520K, reserved 1185792K
  class space    used 18157K, capacity 19743K, committed 19840K, reserved 1048576K
}
Event: 3438.087 GC heap after
{Heap after GC invocations=122 (full 0):
 garbage-first heap   total 311296K, used 122759K [0x0000000080000000, 0x0000000100000000)
  region size 1024K, 1 young (1024K), 1 survivors (1024K)
 Metaspace       used 150320K, capacity 155254K, committed 155520K, reserved 1185792K
  class space    used 18157K, capacity 19743K, committed 19840K, reserved 1048576K
}
Event: 3813.503 GC heap before
{Heap before GC invocations=122 (full 0):
 garbage-first heap   total 311296K, used 204679K [0x0000000080000000, 0x0000000100000000)
  region size 1024K, 82 young (83968K), 1 survivors (1024K)
 Metaspace       used 150439K, capacity 155443K, committed 155776K, reserved 1185792K
  class space    used 18167K, capacity 19760K, committed 19840K, reserved 1048576K
}
Event: 3813.534 GC heap after
{Heap after GC invocations=123 (full 0):
 garbage-first heap   total 311296K, used 125906K [0x0000000080000000, 0x0000000100000000)
  region size 1024K, 4 young (4096K), 4 survivors (4096K)
 Metaspace       used 150439K, capacity 155443K, committed 155776K, reserved 1185792K
  class space    used 18167K, capacity 19760K, committed 19840K, reserved 1048576K
}
Event: 3815.671 GC heap before
{Heap before GC invocations=124 (full 0):
 garbage-first heap   total 311296K, used 231378K [0x0000000080000000, 0x0000000100000000)
  region size 1024K, 91 young (93184K), 4 survivors (4096K)
 Metaspace       used 150559K, capacity 155574K, committed 155776K, reserved 1185792K
  class space    used 18175K, capacity 19773K, committed 19840K, reserved 1048576K
}
Event: 3815.691 GC heap after
{Heap after GC invocations=125 (full 0):
 garbage-first heap   total 311296K, used 128254K [0x0000000080000000, 0x0000000100000000)
  region size 1024K, 6 young (6144K), 6 survivors (6144K)
 Metaspace       used 150559K, capacity 155574K, committed 155776K, reserved 1185792K
  class space    used 18175K, capacity 19773K, committed 19840K, reserved 1048576K
}
Event: 3815.789 GC heap before
{Heap before GC invocations=125 (full 0):
 garbage-first heap   total 311296K, used 137470K [0x0000000080000000, 0x0000000100000000)
  region size 1024K, 15 young (15360K), 6 survivors (6144K)
 Metaspace       used 150559K, capacity 155574K, committed 155776K, reserved 1185792K
  class space    used 18175K, capacity 19773K, committed 19840K, reserved 1048576K
}
Event: 3815.849 GC heap after
{Heap after GC invocations=126 (full 0):
 garbage-first heap   total 311296K, used 121304K [0x0000000080000000, 0x0000000100000000)
  region size 1024K, 1 young (1024K), 1 survivors (1024K)
 Metaspace       used 150559K, capacity 155574K, committed 155776K, reserved 1185792K
  class space    used 18175K, capacity 19773K, committed 19840K, reserved 1048576K
}

